<?xml version="1.0" encoding="UTF-8"?>
<!-- Generated by org.testng.reporters.JUnitXMLReporter -->
<testsuite ignored="0" hostname="DESKTOP-3BR6QP1" failures="1" tests="1" name="Login Test" time="13.576" errors="0" timestamp="2025-06-30T08:19:55 IST">
  <testcase classname="test.LoginTest" name="validLoginTest" time="1.989">
    <failure type="java.lang.AssertionError" message="expected [true] but found [false]">
      <![CDATA[java.lang.AssertionError: expected [true] but found [false]
at test.LoginTest.validLoginTest(LoginTest.java:24)
at java.base/java.util.ArrayList.forEach(ArrayList.java:1597)
... Removed 29 stack frames]]>
    </failure>
  </testcase> <!-- validLoginTest -->
</testsuite> <!-- Login Test -->
